<?xml version="1.0" encoding="utf-8"?><testsuites name="pytest tests"><testsuite name="pytest" errors="0" failures="0" skipped="0" tests="7" time="8.999" timestamp="2026-08-20T18:11:08.558793+00:00" hostname="agent-env-4620634a-941a-4ddf-8597-4a890fa0e2b3"><testcase classname="backend.tests.test_revenue_forecast" name="test_forecasting_returns_monte_carlo" time="0.564" /><testcase classname="backend.tests.test_revenue_forecast" name="test_forecasting_monthly_and_quarterly" time="0.085" /><testcase classname="backend.tests.test_revenue_forecast" name="test_forecasting_data_sources_top_deals_velocity" time="0.088" /><testcase classname="backend.tests.test_revenue_forecast" name="test_forecasting_with_target_returns_goal" time="0.106" /><testcase classname="backend.tests.test_revenue_forecast" name="test_forecasting_tiny_target_high_probability" time="0.080" /><testcase classname="backend.tests.test_revenue_forecast" name="test_forecasting_huge_target_low_probability" time="0.059" /><testcase classname="backend.tests.test_revenue_forecast" name="test_forecast_narrative_endpoint" time="7.961" /></testsuite></testsuites>