<?xml version="1.0" encoding="utf-8"?><testsuites name="pytest tests"><testsuite name="pytest" errors="0" failures="0" skipped="0" tests="10" time="2.007" timestamp="2026-09-21T09:47:00.588327+00:00" hostname="agent-env-4620634a-941a-4ddf-8597-4a890fa0e2b3"><testcase classname="backend.tests.test_iteration_63.TestAuthCookie" name="test_login_success_sets_cookie" time="0.447" /><testcase classname="backend.tests.test_iteration_63.TestAuthCookie" name="test_me_without_cookie_returns_401" time="0.168" /><testcase classname="backend.tests.test_iteration_63.TestChurnDeltas" name="test_churn_endpoint_shape" time="0.062" /><testcase classname="backend.tests.test_iteration_63.TestDealWritePermissions" name="test_owner_full_crud" time="0.321" /><testcase classname="backend.tests.test_iteration_63.TestDealWritePermissions" name="test_update_nonexistent_deal_returns_404_not_500" time="0.065" /><testcase classname="backend.tests.test_iteration_63.TestForecastRegression" name="test_forecast_negative_target_treated_as_none" time="0.108" /><testcase classname="backend.tests.test_iteration_63.TestForecastRegression" name="test_forecast_scientific_notation_1e9" time="0.067" /><testcase classname="backend.tests.test_iteration_63.TestRevenueLeaksAccess" name="test_leaks_endpoint_owner_enterprise" time="0.187" /><testcase classname="backend.tests.test_iteration_63.TestEmptyStateNewAccount" name="test_new_account_has_zero_deals" time="0.448" /><testcase classname="backend.tests.test_iteration_63.TestEmptyStateNewAccount" name="test_new_account_churn_zero_customers" time="0.065" /></testsuite></testsuites>