<?xml version="1.0" encoding="utf-8"?><testsuites name="pytest tests"><testsuite name="pytest" errors="0" failures="0" skipped="0" tests="9" time="3.833" timestamp="2026-03-22T20:32:29.713086+00:00" hostname="agent-env-0f73b957-3de2-4d60-81a2-4bda6f75844b"><testcase classname="backend.tests.test_forecasting.TestForecastingAPI" name="test_forecasting_endpoint_returns_200" time="0.509" /><testcase classname="backend.tests.test_forecasting.TestForecastingAPI" name="test_forecasting_returns_weighted_pipeline" time="0.419" /><testcase classname="backend.tests.test_forecasting.TestForecastingAPI" name="test_forecasting_returns_velocity" time="0.419" /><testcase classname="backend.tests.test_forecasting.TestForecastingAPI" name="test_forecasting_returns_scenarios" time="0.385" /><testcase classname="backend.tests.test_forecasting.TestForecastingAPI" name="test_forecasting_returns_monthly_forecast" time="0.385" /><testcase classname="backend.tests.test_forecasting.TestForecastingAPI" name="test_forecasting_returns_stage_forecast" time="0.373" /><testcase classname="backend.tests.test_forecasting.TestForecastingAPI" name="test_forecasting_returns_top_deals" time="0.383" /><testcase classname="backend.tests.test_forecasting.TestForecastingAPI" name="test_forecasting_returns_pipeline_trend" time="0.425" /><testcase classname="backend.tests.test_forecasting.TestForecastingAPI" name="test_forecasting_unauthenticated_returns_401" time="0.457" /></testsuite></testsuites>