<?xml version="1.0" encoding="utf-8"?><testsuites name="pytest tests"><testsuite name="pytest" errors="0" failures="0" skipped="0" tests="10" time="6.932" timestamp="2026-07-20T15:52:28.862629+00:00" hostname="agent-env-fb94a947-43a2-40fc-bf4a-e46d9b822a0b"><testcase classname="backend.tests.test_usage_tier_pricing.TestUsagePricingEndpoint" name="test_returns_10_tiers_matching_spec" time="0.249" /><testcase classname="backend.tests.test_usage_tier_pricing.TestCreateCheckoutAmounts" name="test_monthly_tier_amount[0-50.0]" time="1.454" /><testcase classname="backend.tests.test_usage_tier_pricing.TestCreateCheckoutAmounts" name="test_monthly_tier_amount[1-259.0]" time="0.974" /><testcase classname="backend.tests.test_usage_tier_pricing.TestCreateCheckoutAmounts" name="test_monthly_tier_amount[2-500.0]" time="0.966" /><testcase classname="backend.tests.test_usage_tier_pricing.TestCreateCheckoutAmounts" name="test_monthly_tier_amount[3-1345.0]" time="0.525" /><testcase classname="backend.tests.test_usage_tier_pricing.TestCreateCheckoutAmounts" name="test_monthly_tier_amount[9-46800.0]" time="0.815" /><testcase classname="backend.tests.test_usage_tier_pricing.TestCreateCheckoutAmounts" name="test_yearly_tier_1_amount_2590" time="0.823" /><testcase classname="backend.tests.test_usage_tier_pricing.TestCreateCheckoutAmounts" name="test_clamp_high_quantity_99_to_tier_9" time="0.488" /><testcase classname="backend.tests.test_usage_tier_pricing.TestCreateCheckoutAmounts" name="test_clamp_negative_quantity_to_tier_0" time="0.511" /><testcase classname="backend.tests.test_usage_tier_pricing.TestUpdateVolume" name="test_update_volume_does_not_500" time="0.069" /></testsuite></testsuites>