<?xml version="1.0" encoding="utf-8"?><testsuites name="pytest tests"><testsuite name="pytest" errors="0" failures="0" skipped="0" tests="14" time="4.192" timestamp="2026-04-23T20:08:12.898350+00:00" hostname="agent-env-86e088ac-75a8-448b-a8b6-32a3448ee89e"><testcase classname="tests.test_2fa_email.Test2FAStatus" name="test_status_endpoint" time="0.527" /><testcase classname="tests.test_2fa_email.Test2FAEnableFlow" name="test_enable_request_returns_hint_and_no_code" time="0.317" /><testcase classname="tests.test_2fa_email.Test2FAEnableFlow" name="test_enable_confirm_wrong_code_401" time="0.052" /><testcase classname="tests.test_2fa_email.Test2FAEnableFlow" name="test_enable_confirm_expired_code_401" time="0.048" /><testcase classname="tests.test_2fa_email.Test2FAEnableFlow" name="test_enable_confirm_correct_code" time="0.344" /><testcase classname="tests.test_2fa_email.Test2FALoginFlow" name="test_login_returns_requires_2fa_and_no_leak" time="0.644" /><testcase classname="tests.test_2fa_email.Test2FALoginFlow" name="test_verify_invalid_code_401" time="0.105" /><testcase classname="tests.test_2fa_email.Test2FALoginFlow" name="test_verify_missing_fields_400" time="0.119" /><testcase classname="tests.test_2fa_email.Test2FALoginFlow" name="test_verify_expired_code_401" time="0.106" /><testcase classname="tests.test_2fa_email.Test2FALoginFlow" name="test_resend_public_endpoint" time="0.287" /><testcase classname="tests.test_2fa_email.Test2FALoginFlow" name="test_resend_missing_user_id_400" time="0.127" /><testcase classname="tests.test_2fa_email.Test2FALoginFlow" name="test_resend_user_without_2fa_404" time="0.156" /><testcase classname="tests.test_2fa_email.Test2FALoginFlow" name="test_verify_correct_code_sets_cookie" time="0.581" /><testcase classname="tests.test_2fa_email.Test2FADisable" name="test_disable_flips_flag" time="0.623" /></testsuite></testsuites>