<?xml version="1.0" encoding="utf-8"?><testsuites name="pytest tests"><testsuite name="pytest" errors="0" failures="0" skipped="0" tests="8" time="1.873" timestamp="2026-03-08T12:25:25.193638+00:00" hostname="agent-env-236caa7d-fbf0-4329-9a55-deea8d3a2630"><testcase classname="backend.tests.test_cancel_subscription.TestCancelSubscription" name="test_cancel_trial_returns_cancelled_status" time="0.416" /><testcase classname="backend.tests.test_cancel_subscription.TestCancelSubscription" name="test_cancel_updates_user_tier_to_cancelled" time="0.429" /><testcase classname="backend.tests.test_cancel_subscription.TestCancelSubscription" name="test_cancel_already_cancelled_returns_error" time="0.418" /><testcase classname="backend.tests.test_cancel_subscription.TestCancelSubscription" name="test_cancel_expired_user_returns_error" time="0.000" /><testcase classname="backend.tests.test_cancel_subscription.TestCancelSubscription" name="test_cancel_requires_authentication" time="0.102" /><testcase classname="backend.tests.test_cancel_subscription.TestCancelSubscription" name="test_fresh_signup_creates_trial_user" time="0.333" /><testcase classname="backend.tests.test_cancel_subscription.TestCancelSubscription" name="test_cancel_subscription_for_paid_user" time="0.000" /><testcase classname="backend.tests.test_cancel_subscription.TestCTANavigation" name="test_subscription_plans_endpoint" time="0.108" /></testsuite></testsuites>