<?xml version="1.0" encoding="utf-8"?><testsuites name="pytest tests"><testsuite name="pytest" errors="0" failures="0" skipped="0" tests="8" time="3.480" timestamp="2026-03-06T15:39:41.823938+00:00" hostname="agent-env-f971b3d6-6205-490b-bc7a-ee7f995c2e40"><testcase classname="tests.test_pricing_optimizer.TestPricingAnalytics" name="test_pricing_analytics_endpoint_requires_auth" time="0.478" /><testcase classname="tests.test_pricing_optimizer.TestPricingAnalytics" name="test_pricing_analytics_returns_expected_structure" time="0.449" /><testcase classname="tests.test_pricing_optimizer.TestPricingAnalytics" name="test_pricing_analytics_kpi_values" time="0.427" /><testcase classname="tests.test_pricing_optimizer.TestEnhancedPricingAnalysis" name="test_pricing_analysis_accepts_enhanced_fields" time="0.396" /><testcase classname="tests.test_pricing_optimizer.TestEnhancedPricingAnalysis" name="test_pricing_analysis_basic_request" time="0.392" /><testcase classname="tests.test_pricing_optimizer.TestEnhancedPricingAnalysis" name="test_pricing_analysis_requires_auth" time="0.480" /><testcase classname="tests.test_pricing_optimizer.TestPricingAnalysisModel" name="test_optional_fields_are_truly_optional" time="0.389" /><testcase classname="tests.test_pricing_optimizer.TestPricingAnalysisModel" name="test_price_history_field" time="0.412" /></testsuite></testsuites>