<?xml version="1.0" encoding="utf-8"?><testsuites name="pytest tests"><testsuite name="pytest" errors="0" failures="0" skipped="0" tests="17" time="27.252" timestamp="2026-07-23T18:30:51.120522+00:00" hostname="agent-env-fb94a947-43a2-40fc-bf4a-e46d9b822a0b"><testcase classname="backend.tests.test_high_intent.TestStatus" name="test_status_paid_owner" time="0.522" /><testcase classname="backend.tests.test_high_intent.TestStatus" name="test_status_unauthenticated_denied" time="0.120" /><testcase classname="backend.tests.test_high_intent.TestSettings" name="test_settings_persist" time="0.173" /><testcase classname="backend.tests.test_high_intent.TestTeam" name="test_team_lists_members" time="0.049" /><testcase classname="backend.tests.test_high_intent.TestScan" name="test_scan_populates" time="0.053" /><testcase classname="backend.tests.test_high_intent.TestScan" name="test_leads_shape" time="0.158" /><testcase classname="backend.tests.test_high_intent.TestFastTrack" name="test_fast_track_assigns" time="0.357" /><testcase classname="backend.tests.test_high_intent.TestFastTrack" name="test_fast_track_bad_assignee" time="0.047" /><testcase classname="backend.tests.test_high_intent.TestOutreach" name="test_outreach_draft" time="8.179" /><testcase classname="backend.tests.test_high_intent.TestBooking" name="test_booking_requires_link_set_first" time="7.906" /><testcase classname="backend.tests.test_high_intent.TestBooking" name="test_booking_400_when_no_link" time="0.212" /><testcase classname="backend.tests.test_high_intent.TestSendEmail" name="test_send_email_graceful_422" time="0.337" /><testcase classname="backend.tests.test_high_intent.TestSendEmail" name="test_send_email_bad_recipient" time="0.048" /><testcase classname="backend.tests.test_high_intent.TestSandbox" name="test_sandbox_build" time="8.734" /><testcase classname="backend.tests.test_high_intent.TestPatchDismiss" name="test_dismiss_lead" time="0.156" /><testcase classname="backend.tests.test_high_intent.TestPatchDismiss" name="test_patch_invalid_status" time="0.096" /><testcase classname="backend.tests.test_high_intent.TestPatchDismiss" name="test_patch_lead_not_found" time="0.047" /></testsuite></testsuites>