<?xml version="1.0" encoding="utf-8"?><testsuites name="pytest tests"><testsuite name="pytest" errors="0" failures="0" skipped="0" tests="12" time="53.030" timestamp="2026-03-16T11:06:31.096903+00:00" hostname="agent-env-7f618f07-7489-4446-8c17-4901f69b0182"><testcase classname="backend.tests.test_support_feature.TestSupportChatAPI" name="test_chat_new_conversation" time="12.523" /><testcase classname="backend.tests.test_support_feature.TestSupportChatAPI" name="test_chat_continue_conversation" time="14.553" /><testcase classname="backend.tests.test_support_feature.TestConversationsAPI" name="test_list_conversations" time="0.079" /><testcase classname="backend.tests.test_support_feature.TestConversationsAPI" name="test_get_single_conversation" time="5.008" /><testcase classname="backend.tests.test_support_feature.TestConversationsAPI" name="test_get_nonexistent_conversation" time="0.069" /><testcase classname="backend.tests.test_support_feature.TestTicketsAPI" name="test_create_ticket" time="0.096" /><testcase classname="backend.tests.test_support_feature.TestTicketsAPI" name="test_create_ticket_with_conversation" time="7.242" /><testcase classname="backend.tests.test_support_feature.TestTicketsAPI" name="test_list_tickets" time="0.068" /><testcase classname="backend.tests.test_support_feature.TestTicketsAPI" name="test_get_single_ticket" time="0.135" /><testcase classname="backend.tests.test_support_feature.TestTicketsAPI" name="test_get_nonexistent_ticket" time="0.078" /><testcase classname="backend.tests.test_support_feature.TestPriorityLevels" name="test_enterprise_priority" time="6.353" /><testcase classname="backend.tests.test_support_feature.TestUserContext" name="test_ai_knows_user_context" time="6.624" /></testsuite></testsuites>