<?xml version="1.0" encoding="utf-8"?><testsuites name="pytest tests"><testsuite name="pytest" errors="0" failures="0" skipped="0" tests="24" time="10.239" timestamp="2026-03-22T19:55:24.094384+00:00" hostname="agent-env-0f73b957-3de2-4d60-81a2-4bda6f75844b"><testcase classname="backend.tests.test_platform_integrations.TestPlatformIntegrations" name="test_get_platforms_returns_all_5_platforms" time="0.430" /><testcase classname="backend.tests.test_platform_integrations.TestPlatformIntegrations" name="test_all_platforms_have_requires_key_true" time="0.370" /><testcase classname="backend.tests.test_platform_integrations.TestPlatformIntegrations" name="test_stripe_has_correct_key_fields" time="0.371" /><testcase classname="backend.tests.test_platform_integrations.TestPlatformIntegrations" name="test_shopify_has_correct_key_fields" time="0.370" /><testcase classname="backend.tests.test_platform_integrations.TestPlatformIntegrations" name="test_hubspot_has_correct_key_fields" time="0.379" /><testcase classname="backend.tests.test_platform_integrations.TestPlatformIntegrations" name="test_salesforce_has_correct_key_fields" time="0.379" /><testcase classname="backend.tests.test_platform_integrations.TestPlatformIntegrations" name="test_quickbooks_has_correct_key_fields" time="0.371" /><testcase classname="backend.tests.test_platform_integrations.TestPlatformIntegrations" name="test_stripe_connect_missing_api_key" time="0.413" /><testcase classname="backend.tests.test_platform_integrations.TestPlatformIntegrations" name="test_stripe_connect_invalid_api_key" time="0.565" /><testcase classname="backend.tests.test_platform_integrations.TestPlatformIntegrations" name="test_shopify_connect_missing_store_url" time="0.416" /><testcase classname="backend.tests.test_platform_integrations.TestPlatformIntegrations" name="test_shopify_connect_missing_api_key" time="0.423" /><testcase classname="backend.tests.test_platform_integrations.TestPlatformIntegrations" name="test_shopify_connect_invalid_credentials" time="0.574" /><testcase classname="backend.tests.test_platform_integrations.TestPlatformIntegrations" name="test_hubspot_connect_missing_api_key" time="0.392" /><testcase classname="backend.tests.test_platform_integrations.TestPlatformIntegrations" name="test_hubspot_connect_invalid_token" time="0.576" /><testcase classname="backend.tests.test_platform_integrations.TestPlatformIntegrations" name="test_salesforce_connect_missing_instance_url" time="0.392" /><testcase classname="backend.tests.test_platform_integrations.TestPlatformIntegrations" name="test_salesforce_connect_missing_api_key" time="0.376" /><testcase classname="backend.tests.test_platform_integrations.TestPlatformIntegrations" name="test_salesforce_connect_invalid_credentials" time="0.486" /><testcase classname="backend.tests.test_platform_integrations.TestPlatformIntegrations" name="test_quickbooks_connect_missing_company_id" time="0.392" /><testcase classname="backend.tests.test_platform_integrations.TestPlatformIntegrations" name="test_quickbooks_connect_missing_api_key" time="0.393" /><testcase classname="backend.tests.test_platform_integrations.TestPlatformIntegrations" name="test_quickbooks_connect_invalid_credentials" time="0.583" /><testcase classname="backend.tests.test_platform_integrations.TestPlatformIntegrations" name="test_connect_invalid_platform_returns_404" time="0.374" /><testcase classname="backend.tests.test_platform_integrations.TestPlatformIntegrations" name="test_disconnect_not_connected_platform_returns_404" time="0.374" /><testcase classname="backend.tests.test_platform_integrations.TestPlatformIntegrations" name="test_sync_not_connected_platform_returns_404" time="0.371" /><testcase classname="backend.tests.test_platform_integrations.TestPlatformIntegrations" name="test_business_summary_returns_correct_structure" time="0.378" /></testsuite></testsuites>