<?xml version="1.0" encoding="utf-8"?><testsuites name="pytest tests"><testsuite name="pytest" errors="0" failures="0" skipped="0" tests="20" time="4.620" timestamp="2026-03-04T15:00:32.423537+00:00" hostname="agent-env-89f07ebb-45ff-43b3-93ab-90ef26015a07"><testcase classname="tests.test_refactored_apis.TestHealthEndpoints" name="test_health_endpoint" time="0.296" /><testcase classname="tests.test_refactored_apis.TestHealthEndpoints" name="test_root_endpoint" time="0.134" /><testcase classname="tests.test_refactored_apis.TestAuthentication" name="test_login_with_valid_credentials" time="0.366" /><testcase classname="tests.test_refactored_apis.TestAuthentication" name="test_login_with_invalid_credentials" time="0.177" /><testcase classname="tests.test_refactored_apis.TestAuthentication" name="test_get_me_authenticated" time="0.439" /><testcase classname="tests.test_refactored_apis.TestAuthentication" name="test_get_me_unauthenticated" time="0.127" /><testcase classname="tests.test_refactored_apis.TestAuthentication" name="test_onboarding_status" time="0.076" /><testcase classname="tests.test_refactored_apis.TestAuthentication" name="test_register_creates_new_user" time="0.343" /><testcase classname="tests.test_refactored_apis.TestAuthentication" name="test_register_rejects_duplicate_email" time="0.119" /><testcase classname="tests.test_refactored_apis.TestDeals" name="test_get_deals" time="0.407" /><testcase classname="tests.test_refactored_apis.TestDeals" name="test_create_deal" time="0.054" /><testcase classname="tests.test_refactored_apis.TestDeals" name="test_create_and_verify_deal" time="0.115" /><testcase classname="tests.test_refactored_apis.TestAnalytics" name="test_revenue_analytics" time="0.425" /><testcase classname="tests.test_refactored_apis.TestAnalytics" name="test_pipeline_analytics" time="0.060" /><testcase classname="tests.test_refactored_apis.TestAnalytics" name="test_churn_analytics" time="0.057" /><testcase classname="tests.test_refactored_apis.TestAnalytics" name="test_cro_analytics" time="0.055" /><testcase classname="tests.test_refactored_apis.TestIntegrations" name="test_get_integrations" time="0.447" /><testcase classname="tests.test_refactored_apis.TestNotifications" name="test_get_notifications" time="0.397" /><testcase classname="tests.test_refactored_apis.TestPayments" name="test_get_subscription_plans" time="0.262" /><testcase classname="tests.test_refactored_apis.TestMicrosoftAuth" name="test_microsoft_auth_not_configured" time="0.115" /></testsuite></testsuites>