<?xml version="1.0" encoding="utf-8"?><testsuites name="pytest tests"><testsuite name="pytest" errors="0" failures="0" skipped="0" tests="9" time="4.167" timestamp="2026-03-23T11:10:14.830009+00:00" hostname="agent-env-0f9235ec-58a1-49ca-bdb6-ed50fdf3a166"><testcase classname="backend.tests.test_analytics_refactor.TestAnalyticsRefactor" name="test_revenue_analytics_endpoint" time="0.527" /><testcase classname="backend.tests.test_analytics_refactor.TestAnalyticsRefactor" name="test_pipeline_analytics_endpoint" time="0.407" /><testcase classname="backend.tests.test_analytics_refactor.TestAnalyticsRefactor" name="test_churn_analytics_endpoint" time="0.405" /><testcase classname="backend.tests.test_analytics_refactor.TestAnalyticsRefactor" name="test_cro_analytics_endpoint" time="0.360" /><testcase classname="backend.tests.test_analytics_refactor.TestAnalyticsRefactor" name="test_sales_performance_endpoint" time="0.393" /><testcase classname="backend.tests.test_analytics_refactor.TestAnalyticsRefactor" name="test_sales_revenue_endpoint" time="0.395" /><testcase classname="backend.tests.test_analytics_refactor.TestAnalyticsRefactor" name="test_revenue_intelligence_endpoint" time="0.451" /><testcase classname="backend.tests.test_analytics_refactor.TestAnalyticsRefactor" name="test_forecasting_endpoint" time="0.374" /><testcase classname="backend.tests.test_analytics_refactor.TestAnalyticsRefactor" name="test_metrics_differentiation" time="0.712" /></testsuite></testsuites>