<?xml version="1.0" encoding="utf-8"?><testsuites name="pytest tests"><testsuite name="pytest" errors="0" failures="0" skipped="0" tests="21" time="16.520" timestamp="2026-07-26T11:24:14.021960+00:00" hostname="agent-env-4620634a-941a-4ddf-8597-4a890fa0e2b3"><testcase classname="backend.tests.test_workspace" name="test_unauth_status_401" time="0.197" /><testcase classname="backend.tests.test_workspace" name="test_status_shape" time="0.387" /><testcase classname="backend.tests.test_workspace" name="test_targets_demo_token" time="0.293" /><testcase classname="backend.tests.test_workspace" name="test_targets_unknown_provider" time="0.048" /><testcase classname="backend.tests.test_workspace" name="test_ai_draft[note]" time="3.649" /><testcase classname="backend.tests.test_workspace" name="test_ai_draft[task]" time="3.329" /><testcase classname="backend.tests.test_workspace" name="test_ai_draft[call]" time="3.388" /><testcase classname="backend.tests.test_workspace" name="test_ai_draft[email]" time="3.915" /><testcase classname="backend.tests.test_workspace" name="test_ai_draft_invalid_kind" time="0.048" /><testcase classname="backend.tests.test_workspace" name="test_ai_draft_deal_rejected" time="0.044" /><testcase classname="backend.tests.test_workspace" name="test_create_note_missing_target" time="0.045" /><testcase classname="backend.tests.test_workspace" name="test_create_note_missing_body" time="0.045" /><testcase classname="backend.tests.test_workspace" name="test_create_task_missing_title" time="0.085" /><testcase classname="backend.tests.test_workspace" name="test_create_call_missing_title" time="0.083" /><testcase classname="backend.tests.test_workspace" name="test_create_email_missing_subject" time="0.085" /><testcase classname="backend.tests.test_workspace" name="test_create_deal_missing_name" time="0.046" /><testcase classname="backend.tests.test_workspace" name="test_invalid_kind" time="0.083" /><testcase classname="backend.tests.test_workspace" name="test_invalid_provider" time="0.046" /><testcase classname="backend.tests.test_workspace" name="test_deal_draft_execute_graceful_fail_delete" time="0.492" /><testcase classname="backend.tests.test_workspace" name="test_execute_nonexistent" time="0.043" /><testcase classname="backend.tests.test_workspace" name="test_note_draft_create_with_target" time="0.089" /></testsuite></testsuites>