<?xml version="1.0" encoding="utf-8"?><testsuites name="pytest tests"><testsuite name="pytest" errors="0" failures="0" skipped="1" tests="15" time="53.916" timestamp="2026-07-25T13:54:07.606015+00:00" hostname="agent-env-4620634a-941a-4ddf-8597-4a890fa0e2b3"><testcase classname="backend.tests.test_high_intent_v2" name="test_status_unauth" time="0.174" /><testcase classname="backend.tests.test_high_intent_v2" name="test_status_paid_owner" time="0.399" /><testcase classname="backend.tests.test_high_intent_v2" name="test_scan" time="0.090" /><testcase classname="backend.tests.test_high_intent_v2" name="test_leads_sorted" time="0.147" /><testcase classname="backend.tests.test_high_intent_v2" name="test_analyze_returns_briefing" time="12.364" /><testcase classname="backend.tests.test_high_intent_v2" name="test_execute_before_analyze_400" time="0.131" /><testcase classname="backend.tests.test_high_intent_v2" name="test_execute_mark_done" time="13.906" /><testcase classname="backend.tests.test_high_intent_v2" name="test_execute_send_no_recipient_400" time="0.133" /><testcase classname="backend.tests.test_high_intent_v2" name="test_execute_send_with_invalid_key_returns_422" time="0.299" /><testcase classname="backend.tests.test_high_intent_v2" name="test_impact_replied" time="13.212" /><testcase classname="backend.tests.test_high_intent_v2" name="test_impact_invalid" time="0.046" /><testcase classname="backend.tests.test_high_intent_v2" name="test_impact_won_sets_status" time="12.751" /><testcase classname="backend.tests.test_high_intent_v2" name="test_patch_invalid_status" time="0.042" /><testcase classname="backend.tests.test_high_intent_v2" name="test_patch_not_found" time="0.045" /><testcase classname="backend.tests.test_high_intent_v2" name="test_patch_dismiss" time="0.098"><skipped type="pytest.skip" message="no open leads to dismiss">/app/backend/tests/test_high_intent_v2.py:215: no open leads to dismiss</skipped></testcase></testsuite></testsuites>