<?xml version="1.0" encoding="utf-8"?><testsuites name="pytest tests"><testsuite name="pytest" errors="0" failures="0" skipped="0" tests="10" time="2.683" timestamp="2026-03-04T14:31:00.866886+00:00" hostname="agent-env-89f07ebb-45ff-43b3-93ab-90ef26015a07"><testcase classname="tests.test_onboarding.TestOnboarding" name="test_register_creates_new_user_without_onboarding" time="0.522" /><testcase classname="tests.test_onboarding.TestOnboarding" name="test_onboarding_status_returns_false_for_new_user" time="0.453" /><testcase classname="tests.test_onboarding.TestOnboarding" name="test_onboarding_endpoint_saves_data" time="0.177" /><testcase classname="tests.test_onboarding.TestOnboarding" name="test_onboarding_status_returns_true_after_completing" time="0.130" /><testcase classname="tests.test_onboarding.TestOnboarding" name="test_onboarding_requires_auth" time="0.264" /><testcase classname="tests.test_onboarding.TestOnboarding" name="test_onboarding_validates_data" time="0.129" /><testcase classname="tests.test_onboarding.TestLandingPageContent" name="test_landing_page_loads" time="0.123" /><testcase classname="tests.test_onboarding.TestLandingPageContent" name="test_subscription_plans_have_unlock_access" time="0.129" /><testcase classname="tests.test_onboarding.TestAuthFlow" name="test_auth_endpoints_available" time="0.271" /><testcase classname="tests.test_onboarding.TestAuthFlow" name="test_existing_user_login" time="0.330" /></testsuite></testsuites>