<?xml version="1.0" encoding="utf-8"?><testsuites name="pytest tests"><testsuite name="pytest" errors="0" failures="0" skipped="0" tests="10" time="1.418" timestamp="2026-03-06T16:53:22.857696+00:00" hostname="agent-env-f971b3d6-6205-490b-bc7a-ee7f995c2e40"><testcase classname="backend.tests.test_churn_retention.TestChurnEndpointAuth" name="test_churn_endpoint_requires_auth" time="0.237" /><testcase classname="backend.tests.test_churn_retention.TestChurnAnalytics" name="test_churn_endpoint_returns_200" time="0.526" /><testcase classname="backend.tests.test_churn_retention.TestChurnAnalytics" name="test_churn_returns_base_metrics" time="0.062" /><testcase classname="backend.tests.test_churn_retention.TestChurnAnalytics" name="test_churn_returns_new_kpis" time="0.051" /><testcase classname="backend.tests.test_churn_retention.TestChurnAnalytics" name="test_health_distribution_structure" time="0.060" /><testcase classname="backend.tests.test_churn_retention.TestChurnAnalytics" name="test_churn_reasons_structure" time="0.063" /><testcase classname="backend.tests.test_churn_retention.TestChurnAnalytics" name="test_risk_by_segment_structure" time="0.055" /><testcase classname="backend.tests.test_churn_retention.TestChurnAnalytics" name="test_cohorts_extended_structure" time="0.058" /><testcase classname="backend.tests.test_churn_retention.TestChurnAnalytics" name="test_at_risk_deals_enhanced" time="0.057" /><testcase classname="backend.tests.test_churn_retention.TestChurnAnalytics" name="test_monthly_data_has_nrr_and_revenue_lost" time="0.056" /></testsuite></testsuites>