<?xml version="1.0" encoding="utf-8"?><testsuites name="pytest tests"><testsuite name="pytest" errors="0" failures="0" skipped="0" tests="16" time="6.345" timestamp="2026-07-06T10:30:13.525156+00:00" hostname="agent-env-8ec2dcef-70a7-4ab8-b582-a783b32e9743"><testcase classname="backend.tests.test_competitor_intel.TestStatus" name="test_enterprise_owner_status" time="1.435" /><testcase classname="backend.tests.test_competitor_intel.TestStatus" name="test_basic_user_status" time="0.392" /><testcase classname="backend.tests.test_competitor_intel.TestTierGate" name="test_basic_cannot_list" time="0.042" /><testcase classname="backend.tests.test_competitor_intel.TestTierGate" name="test_basic_cannot_create" time="0.045" /><testcase classname="backend.tests.test_competitor_intel.TestTierGate" name="test_basic_cannot_benchmark" time="0.048" /><testcase classname="backend.tests.test_competitor_intel.TestCompetitorLifecycle" name="test_list_initially" time="0.047" /><testcase classname="backend.tests.test_competitor_intel.TestCompetitorLifecycle" name="test_benchmark_returns_shape" time="0.047" /><testcase classname="backend.tests.test_competitor_intel.TestCompetitorLifecycle" name="test_create_competitor_with_manual_url" time="2.700" /><testcase classname="backend.tests.test_competitor_intel.TestCompetitorLifecycle" name="test_created_persists" time="0.346" /><testcase classname="backend.tests.test_competitor_intel.TestCompetitorLifecycle" name="test_update_plans_status_becomes_manual" time="0.053" /><testcase classname="backend.tests.test_competitor_intel.TestCompetitorLifecycle" name="test_benchmark_reflects_competitor" time="0.050" /><testcase classname="backend.tests.test_competitor_intel.TestCompetitorLifecycle" name="test_my_pricing_get_and_put" time="0.436" /><testcase classname="backend.tests.test_competitor_intel.TestCompetitorLifecycle" name="test_benchmark_position_computed" time="0.047" /><testcase classname="backend.tests.test_competitor_intel.TestCompetitorLifecycle" name="test_delete_competitor" time="0.090" /><testcase classname="backend.tests.test_competitor_intel.TestCompetitorLifecycle" name="test_delete_missing_404" time="0.463" /><testcase classname="backend.tests.test_competitor_intel.TestCompetitorLifecycle" name="test_cleanup_my_pricing" time="0.048" /></testsuite></testsuites>