<?xml version="1.0" encoding="utf-8"?><testsuites name="pytest tests"><testsuite name="pytest" errors="0" failures="0" skipped="0" tests="10" time="3.001" timestamp="2026-03-04T14:11:04.525130+00:00" hostname="agent-env-89f07ebb-45ff-43b3-93ab-90ef26015a07"><testcase classname="backend.tests.test_auth_and_plans.TestHealthCheck" name="test_health_endpoint" time="0.299" /><testcase classname="backend.tests.test_auth_and_plans.TestHealthCheck" name="test_api_root" time="0.192" /><testcase classname="backend.tests.test_auth_and_plans.TestEmailAuthRegistration" name="test_register_new_user" time="0.436" /><testcase classname="backend.tests.test_auth_and_plans.TestEmailAuthRegistration" name="test_register_duplicate_email" time="0.488" /><testcase classname="backend.tests.test_auth_and_plans.TestEmailAuthLogin" name="test_login_with_registered_user" time="0.686" /><testcase classname="backend.tests.test_auth_and_plans.TestEmailAuthLogin" name="test_login_invalid_credentials" time="0.120" /><testcase classname="backend.tests.test_auth_and_plans.TestMicrosoftAuth" name="test_microsoft_auth_returns_501" time="0.198" /><testcase classname="backend.tests.test_auth_and_plans.TestSubscriptionPlans" name="test_subscription_plans_endpoint" time="0.103" /><testcase classname="backend.tests.test_auth_and_plans.TestAuthEndpoints" name="test_me_endpoint_requires_auth" time="0.192" /><testcase classname="backend.tests.test_auth_and_plans.TestAuthEndpoints" name="test_logout_endpoint" time="0.108" /></testsuite></testsuites>