<?xml version="1.0" encoding="utf-8"?><testsuites name="pytest tests"><testsuite name="pytest" errors="0" failures="0" skipped="0" tests="11" time="2.487" timestamp="2026-03-04T10:55:46.730410+00:00" hostname="agent-env-89f07ebb-45ff-43b3-93ab-90ef26015a07"><testcase classname="backend.tests.test_integrations.TestIntegrationsAPI" name="test_integrations_requires_auth" time="0.134" /><testcase classname="backend.tests.test_integrations.TestIntegrationsAPI" name="test_get_integrations_list" time="0.127" /><testcase classname="backend.tests.test_integrations.TestIntegrationsAPI" name="test_connect_integration" time="0.373" /><testcase classname="backend.tests.test_integrations.TestIntegrationsAPI" name="test_disconnect_integration" time="0.348" /><testcase classname="backend.tests.test_integrations.TestIntegrationsAPI" name="test_connect_already_connected_returns_400" time="0.348" /><testcase classname="backend.tests.test_integrations.TestIntegrationsAPI" name="test_disconnect_not_connected_returns_404" time="0.227" /><testcase classname="backend.tests.test_integrations.TestIntegrationsAPI" name="test_connect_invalid_integration_returns_404" time="0.103" /><testcase classname="backend.tests.test_integrations.TestIntegrationsAPI" name="test_integrations_without_auth_token" time="0.343" /><testcase classname="backend.tests.test_integrations.TestExistingAPIs" name="test_health_check" time="0.102" /><testcase classname="backend.tests.test_integrations.TestExistingAPIs" name="test_root_endpoint" time="0.111" /><testcase classname="backend.tests.test_integrations.TestExistingAPIs" name="test_subscription_plans_endpoint" time="0.099" /></testsuite></testsuites>