<?xml version="1.0" encoding="utf-8"?><testsuites name="pytest tests"><testsuite name="pytest" errors="0" failures="2" skipped="0" tests="17" time="5.770" timestamp="2026-03-06T13:53:24.855997+00:00" hostname="agent-env-f971b3d6-6205-490b-bc7a-ee7f995c2e40"><testcase classname="backend.tests.test_shopify_stripe_integration.TestShopifyAuth" name="test_shopify_auth_returns_501_not_configured" time="0.237" /><testcase classname="backend.tests.test_shopify_stripe_integration.TestShopifyAuth" name="test_shopify_auth_without_shop_param" time="0.124" /><testcase classname="backend.tests.test_shopify_stripe_integration.TestStripeCheckout" name="test_create_checkout_requires_auth" time="0.107" /><testcase classname="backend.tests.test_shopify_stripe_integration.TestStripeCheckout" name="test_payment_status_requires_auth" time="0.162" /><testcase classname="backend.tests.test_shopify_stripe_integration.TestSubscriptionPlans" name="test_get_subscription_plans" time="0.107" /><testcase classname="backend.tests.test_shopify_stripe_integration.TestSubscriptionPlans" name="test_essential_monthly_plan_details" time="0.119" /><testcase classname="backend.tests.test_shopify_stripe_integration.TestSubscriptionPlans" name="test_pro_monthly_plan_details" time="0.109" /><testcase classname="backend.tests.test_shopify_stripe_integration.TestSubscriptionPlans" name="test_enterprise_monthly_plan_details" time="0.104" /><testcase classname="backend.tests.test_shopify_stripe_integration.TestEmailAuth" name="test_register_new_user" time="0.350" /><testcase classname="backend.tests.test_shopify_stripe_integration.TestEmailAuth" name="test_register_duplicate_email_fails" time="0.475" /><testcase classname="backend.tests.test_shopify_stripe_integration.TestEmailAuth" name="test_login_with_valid_credentials" time="0.682" /><testcase classname="backend.tests.test_shopify_stripe_integration.TestEmailAuth" name="test_login_with_invalid_password" time="0.675" /><testcase classname="backend.tests.test_shopify_stripe_integration.TestAuthenticatedStripeCheckout" name="test_create_checkout_with_auth" time="1.194" /><testcase classname="backend.tests.test_shopify_stripe_integration.TestAuthenticatedStripeCheckout" name="test_create_checkout_invalid_plan" time="0.481"><failure message="assert 500 == 400&#10; +  where 500 = &lt;Response [500]&gt;.status_code">backend/tests/test_shopify_stripe_integration.py:213: in test_create_checkout_invalid_plan
    assert response.status_code == 400
E   assert 500 == 400
E    +  where 500 = &lt;Response [500]&gt;.status_code</failure></testcase><testcase classname="backend.tests.test_shopify_stripe_integration.TestAuthenticatedStripeCheckout" name="test_create_checkout_missing_origin" time="0.389"><failure message="assert 500 == 400&#10; +  where 500 = &lt;Response [500]&gt;.status_code">backend/tests/test_shopify_stripe_integration.py:223: in test_create_checkout_missing_origin
    assert response.status_code == 400
E   assert 500 == 400
E    +  where 500 = &lt;Response [500]&gt;.status_code</failure></testcase><testcase classname="backend.tests.test_shopify_stripe_integration.TestHealthAndBasic" name="test_health_endpoint" time="0.135" /><testcase classname="backend.tests.test_shopify_stripe_integration.TestHealthAndBasic" name="test_auth_me_unauthenticated" time="0.110" /></testsuite></testsuites>