<?xml version="1.0" encoding="utf-8"?><testsuites name="pytest tests"><testsuite name="pytest" errors="0" failures="0" skipped="0" tests="23" time="6.212" timestamp="2026-03-06T14:32:49.992220+00:00" hostname="agent-env-f971b3d6-6205-490b-bc7a-ee7f995c2e40"><testcase classname="backend.tests.test_pricing_new_features.TestSubscriptionPlans" name="test_get_subscription_plans_endpoint" time="0.280" /><testcase classname="backend.tests.test_pricing_new_features.TestSubscriptionPlans" name="test_essential_monthly_price" time="0.151" /><testcase classname="backend.tests.test_pricing_new_features.TestSubscriptionPlans" name="test_pro_monthly_price" time="0.170" /><testcase classname="backend.tests.test_pricing_new_features.TestSubscriptionPlans" name="test_enterprise_monthly_price" time="0.134" /><testcase classname="backend.tests.test_pricing_new_features.TestSubscriptionPlans" name="test_essential_yearly_price" time="0.164" /><testcase classname="backend.tests.test_pricing_new_features.TestSubscriptionPlans" name="test_pro_yearly_price" time="0.193" /><testcase classname="backend.tests.test_pricing_new_features.TestSubscriptionPlans" name="test_enterprise_yearly_price" time="0.160" /><testcase classname="backend.tests.test_pricing_new_features.TestSubscriptionPlans" name="test_essential_monthly_usages" time="0.104" /><testcase classname="backend.tests.test_pricing_new_features.TestSubscriptionPlans" name="test_pro_monthly_usages" time="0.107" /><testcase classname="backend.tests.test_pricing_new_features.TestSubscriptionPlans" name="test_enterprise_monthly_usages" time="0.110" /><testcase classname="backend.tests.test_pricing_new_features.TestSubscriptionPlans" name="test_essential_has_sales_pipeline" time="0.124" /><testcase classname="backend.tests.test_pricing_new_features.TestSubscriptionPlans" name="test_pro_has_sales_performance" time="0.104" /><testcase classname="backend.tests.test_pricing_new_features.TestSubscriptionPlans" name="test_enterprise_has_sales_revenue" time="0.113" /><testcase classname="backend.tests.test_pricing_new_features.TestSubscriptionPlans" name="test_enterprise_has_revenue_intelligence" time="0.108" /><testcase classname="backend.tests.test_pricing_new_features.TestSubscriptionPlans" name="test_pro_does_not_have_ai_pricing_insights" time="0.114" /><testcase classname="backend.tests.test_pricing_new_features.TestNewAnalyticsEndpoints" name="test_sales_performance_endpoint" time="0.777" /><testcase classname="backend.tests.test_pricing_new_features.TestNewAnalyticsEndpoints" name="test_sales_revenue_endpoint" time="0.521" /><testcase classname="backend.tests.test_pricing_new_features.TestNewAnalyticsEndpoints" name="test_revenue_intelligence_endpoint" time="0.759" /><testcase classname="backend.tests.test_pricing_new_features.TestNewAnalyticsEndpoints" name="test_revenue_intelligence_pipeline_health_values" time="0.787" /><testcase classname="backend.tests.test_pricing_new_features.TestNewAnalyticsEndpoints" name="test_revenue_intelligence_performance_trend_values" time="0.773" /><testcase classname="backend.tests.test_pricing_new_features.TestUnauthenticatedEndpoints" name="test_sales_performance_requires_auth" time="0.129" /><testcase classname="backend.tests.test_pricing_new_features.TestUnauthenticatedEndpoints" name="test_sales_revenue_requires_auth" time="0.113" /><testcase classname="backend.tests.test_pricing_new_features.TestUnauthenticatedEndpoints" name="test_revenue_intelligence_requires_auth" time="0.119" /></testsuite></testsuites>