<?xml version="1.0" encoding="utf-8"?><testsuites name="pytest tests"><testsuite name="pytest" errors="0" failures="0" skipped="0" tests="11" time="6.625" timestamp="2026-04-23T19:12:34.817317+00:00" hostname="agent-env-86e088ac-75a8-448b-a8b6-32a3448ee89e"><testcase classname="tests.test_enterprise_pricing" name="test_login_works_and_sets_cookie" time="0.432" /><testcase classname="tests.test_enterprise_pricing" name="test_subscription_plans_enterprise_per_user" time="0.123" /><testcase classname="tests.test_enterprise_pricing" name="test_enterprise_monthly_amount_matches_users[1-260.0]" time="0.792" /><testcase classname="tests.test_enterprise_pricing" name="test_enterprise_monthly_amount_matches_users[5-1300.0]" time="0.699" /><testcase classname="tests.test_enterprise_pricing" name="test_enterprise_monthly_amount_matches_users[7-1820.0]" time="0.753" /><testcase classname="tests.test_enterprise_pricing" name="test_enterprise_monthly_amount_matches_users[10-2600.0]" time="0.767" /><testcase classname="tests.test_enterprise_pricing" name="test_enterprise_yearly_users_5" time="1.182" /><testcase classname="tests.test_enterprise_pricing" name="test_non_enterprise_plans_ignore_users[pro_monthly-699.0]" time="0.773" /><testcase classname="tests.test_enterprise_pricing" name="test_non_enterprise_plans_ignore_users[essential_monthly-299.0]" time="0.939" /><testcase classname="tests.test_enterprise_pricing" name="test_invalid_plan_returns_400" time="0.057" /><testcase classname="tests.test_enterprise_pricing" name="test_missing_origin_url_returns_400" time="0.054" /></testsuite></testsuites>