<?xml version="1.0" encoding="utf-8"?><testsuites name="pytest tests"><testsuite name="pytest" errors="0" failures="2" skipped="0" tests="18" time="6.578" timestamp="2026-03-06T17:36:26.150269+00:00" hostname="agent-env-f971b3d6-6205-490b-bc7a-ee7f995c2e40"><testcase classname="backend.tests.test_zelta_api.TestHealthAndBasic" name="test_health_endpoint" time="0.271" /><testcase classname="backend.tests.test_zelta_api.TestHealthAndBasic" name="test_root_endpoint" time="0.144" /><testcase classname="backend.tests.test_zelta_api.TestAuthEndpoints" name="test_auth_register_and_login" time="0.698" /><testcase classname="backend.tests.test_zelta_api.TestAuthEndpoints" name="test_auth_invalid_login" time="0.172" /><testcase classname="backend.tests.test_zelta_api.TestAuthEndpoints" name="test_shopify_auth_not_configured" time="0.120" /><testcase classname="backend.tests.test_zelta_api.TestProtectedEndpoints" name="test_auth_me_requires_auth" time="0.108" /><testcase classname="backend.tests.test_zelta_api.TestProtectedEndpoints" name="test_auth_me_authenticated" time="0.405" /><testcase classname="backend.tests.test_zelta_api.TestAnalyticsEndpoints" name="test_revenue_analytics" time="0.444" /><testcase classname="backend.tests.test_zelta_api.TestAnalyticsEndpoints" name="test_pipeline_analytics" time="0.444" /><testcase classname="backend.tests.test_zelta_api.TestAnalyticsEndpoints" name="test_churn_analytics" time="0.426" /><testcase classname="backend.tests.test_zelta_api.TestAnalyticsEndpoints" name="test_cro_analytics" time="0.426" /><testcase classname="backend.tests.test_zelta_api.TestAnalyticsEndpoints" name="test_sales_performance_analytics" time="0.395" /><testcase classname="backend.tests.test_zelta_api.TestAnalyticsEndpoints" name="test_sales_revenue_analytics" time="0.390" /><testcase classname="backend.tests.test_zelta_api.TestAnalyticsEndpoints" name="test_revenue_intelligence_analytics" time="0.412" /><testcase classname="backend.tests.test_zelta_api.TestAnalyticsEndpoints" name="test_pricing_analytics" time="0.407" /><testcase classname="backend.tests.test_zelta_api.TestDealsEndpoints" name="test_deals_crud" time="0.653" /><testcase classname="backend.tests.test_zelta_api.TestStripeEndpoints" name="test_checkout_session_requires_auth" time="0.119"><failure message="assert 404 == 401&#10; +  where 404 = &lt;Response [404]&gt;.status_code">backend/tests/test_zelta_api.py:306: in test_checkout_session_requires_auth
    assert response.status_code == 401
E   assert 404 == 401
E    +  where 404 = &lt;Response [404]&gt;.status_code</failure></testcase><testcase classname="backend.tests.test_zelta_api.TestStripeEndpoints" name="test_checkout_session_creation" time="0.429"><failure message="assert 404 in [200, 500]&#10; +  where 404 = &lt;Response [404]&gt;.status_code">backend/tests/test_zelta_api.py:317: in test_checkout_session_creation
    assert response.status_code in [200, 500]  # 500 if Stripe not fully configured
    ^^^^^^^^^^^^^^^^^^^^^^^^^^^^^^^^^^^^^^^^^
E   assert 404 in [200, 500]
E    +  where 404 = &lt;Response [404]&gt;.status_code</failure></testcase></testsuite></testsuites>