<?xml version="1.0" encoding="utf-8"?><testsuites name="pytest tests"><testsuite name="pytest" errors="0" failures="0" skipped="0" tests="11" time="11.016" timestamp="2026-04-23T17:37:27.736775+00:00" hostname="agent-env-86e088ac-75a8-448b-a8b6-32a3448ee89e"><testcase classname="backend.tests.test_enterprise_pricing" name="test_login_works_and_sets_cookie" time="0.458" /><testcase classname="backend.tests.test_enterprise_pricing" name="test_subscription_plans_enterprise_per_user" time="0.111" /><testcase classname="backend.tests.test_enterprise_pricing" name="test_enterprise_monthly_amount_matches_users[1-260.0]" time="0.925" /><testcase classname="backend.tests.test_enterprise_pricing" name="test_enterprise_monthly_amount_matches_users[5-1300.0]" time="1.140" /><testcase classname="backend.tests.test_enterprise_pricing" name="test_enterprise_monthly_amount_matches_users[7-1820.0]" time="0.697" /><testcase classname="backend.tests.test_enterprise_pricing" name="test_enterprise_monthly_amount_matches_users[10-2600.0]" time="0.651" /><testcase classname="backend.tests.test_enterprise_pricing" name="test_enterprise_yearly_users_5" time="5.234" /><testcase classname="backend.tests.test_enterprise_pricing" name="test_non_enterprise_plans_ignore_users[pro_monthly-699.0]" time="0.882" /><testcase classname="backend.tests.test_enterprise_pricing" name="test_non_enterprise_plans_ignore_users[essential_monthly-299.0]" time="0.739" /><testcase classname="backend.tests.test_enterprise_pricing" name="test_invalid_plan_returns_400" time="0.047" /><testcase classname="backend.tests.test_enterprise_pricing" name="test_missing_origin_url_returns_400" time="0.062" /></testsuite></testsuites>