<?xml version="1.0" encoding="utf-8"?><testsuites name="pytest tests"><testsuite name="pytest" errors="0" failures="0" skipped="0" tests="15" time="4.643" timestamp="2026-03-09T16:51:24.050702+00:00" hostname="agent-env-7f618f07-7489-4446-8c17-4901f69b0182"><testcase classname="tests.test_deals_pipeline.TestDealsAPI" name="test_get_deals_requires_auth" time="0.214" /><testcase classname="tests.test_deals_pipeline.TestDealsAPI" name="test_get_deals_success" time="0.436" /><testcase classname="tests.test_deals_pipeline.TestDealsAPI" name="test_create_deal_requires_auth" time="0.140" /><testcase classname="tests.test_deals_pipeline.TestDealsAPI" name="test_create_deal_success" time="0.068" /><testcase classname="tests.test_deals_pipeline.TestDealsAPI" name="test_created_deal_appears_in_list" time="0.058" /><testcase classname="tests.test_deals_pipeline.TestDealsAPI" name="test_update_deal_success" time="0.061" /><testcase classname="tests.test_deals_pipeline.TestDealsAPI" name="test_update_deal_persisted" time="0.064" /><testcase classname="tests.test_deals_pipeline.TestDealsAPI" name="test_update_nonexistent_deal" time="0.058" /><testcase classname="tests.test_deals_pipeline.TestDealsAPI" name="test_delete_deal_success" time="0.062" /><testcase classname="tests.test_deals_pipeline.TestDealsAPI" name="test_deleted_deal_not_in_list" time="0.053" /><testcase classname="tests.test_deals_pipeline.TestDealsAPI" name="test_delete_nonexistent_deal" time="0.051" /><testcase classname="tests.test_deals_pipeline.TestDealStageTransitions" name="test_stage_transition_lead_to_qualified" time="0.548" /><testcase classname="tests.test_deals_pipeline.TestDealStageTransitions" name="test_all_stage_transitions" time="2.105" /><testcase classname="tests.test_deals_pipeline.TestAnalyticsIntegration" name="test_sales_performance_endpoint" time="0.484" /><testcase classname="tests.test_deals_pipeline.TestAnalyticsIntegration" name="test_sales_revenue_endpoint" time="0.054" /></testsuite></testsuites>