<?xml version="1.0" encoding="utf-8"?><testsuites name="pytest tests"><testsuite name="pytest" errors="0" failures="0" skipped="0" tests="12" time="55.958" timestamp="2026-03-31T12:13:51.372472+00:00" hostname="agent-env-e301b5ef-391c-446b-8866-e58f4d6e5533"><testcase classname="backend.tests.test_orchestrator.TestOrchestratorSessions" name="test_list_sessions" time="0.468" /><testcase classname="backend.tests.test_orchestrator.TestOrchestratorSessions" name="test_get_session_not_found" time="0.046" /><testcase classname="backend.tests.test_orchestrator.TestOrchestratorChat" name="test_chat_creates_session" time="13.944" /><testcase classname="backend.tests.test_orchestrator.TestOrchestratorChat" name="test_chat_with_existing_session" time="12.865" /><testcase classname="backend.tests.test_orchestrator.TestOrchestratorChat" name="test_chat_page_context" time="9.283" /><testcase classname="backend.tests.test_orchestrator.TestOrchestratorChat" name="test_chat_tool_execution" time="12.593" /><testcase classname="backend.tests.test_orchestrator.TestOrchestratorSessionCRUD" name="test_create_get_delete_session" time="6.058" /><testcase classname="backend.tests.test_orchestrator.TestOrchestratorSessionCRUD" name="test_delete_nonexistent_session" time="0.046" /><testcase classname="backend.tests.test_orchestrator.TestOrchestratorAuth" name="test_chat_requires_auth" time="0.183" /><testcase classname="backend.tests.test_orchestrator.TestOrchestratorAuth" name="test_sessions_requires_auth" time="0.107" /><testcase classname="backend.tests.test_orchestrator.TestOrchestratorAuth" name="test_get_session_requires_auth" time="0.123" /><testcase classname="backend.tests.test_orchestrator.TestOrchestratorAuth" name="test_delete_session_requires_auth" time="0.126" /></testsuite></testsuites>