<?xml version="1.0" encoding="utf-8"?><testsuites name="pytest tests"><testsuite name="pytest" errors="0" failures="0" skipped="0" tests="12" time="3.131" timestamp="2026-04-23T19:12:27.088956+00:00" hostname="agent-env-86e088ac-75a8-448b-a8b6-32a3448ee89e"><testcase classname="tests.test_org_team.TestOrgReads" name="test_org_me" time="0.440" /><testcase classname="tests.test_org_team.TestOrgReads" name="test_org_members" time="0.051" /><testcase classname="tests.test_org_team.TestOrgReads" name="test_org_seats" time="0.054" /><testcase classname="tests.test_org_team.TestOrgReads" name="test_org_invites_requires_auth" time="0.117" /><testcase classname="tests.test_org_team.TestInviteGating" name="test_invite_blocked_for_non_enterprise" time="0.057" /><testcase classname="tests.test_org_team.TestInviteFlow" name="test_invite_and_public_lookup_and_signup" time="0.993" /><testcase classname="tests.test_org_team.TestInviteFlow" name="test_signup_with_existing_email_returns_400" time="0.179" /><testcase classname="tests.test_org_team.TestInviteFlow" name="test_revoke_invite" time="0.221" /><testcase classname="tests.test_org_team.TestInviteFlow" name="test_expired_invite_returns_410" time="0.354" /><testcase classname="tests.test_org_team.TestInviteFlow" name="test_duplicate_invite_returns_400" time="0.120" /><testcase classname="tests.test_org_team.TestInviteFlow" name="test_seat_exhaustion" time="0.262" /><testcase classname="tests.test_org_team" name="test_public_invite_not_found" time="0.118" /></testsuite></testsuites>