<?xml version="1.0" encoding="utf-8"?><testsuites name="pytest tests"><testsuite name="pytest" errors="0" failures="0" skipped="0" tests="27" time="21.711" timestamp="2026-07-28T18:44:53.034945+00:00" hostname="agent-env-4620634a-941a-4ddf-8597-4a890fa0e2b3"><testcase classname="backend.tests.test_workspace" name="test_unauth_status_401" time="0.345" /><testcase classname="backend.tests.test_workspace" name="test_status_shape" time="0.433" /><testcase classname="backend.tests.test_workspace" name="test_targets_demo_token" time="0.414" /><testcase classname="backend.tests.test_workspace" name="test_targets_unknown_provider" time="0.072" /><testcase classname="backend.tests.test_workspace" name="test_ai_draft[note]" time="6.669" /><testcase classname="backend.tests.test_workspace" name="test_ai_draft[task]" time="2.596" /><testcase classname="backend.tests.test_workspace" name="test_ai_draft[call]" time="3.412" /><testcase classname="backend.tests.test_workspace" name="test_ai_draft[email]" time="3.777" /><testcase classname="backend.tests.test_workspace" name="test_ai_draft_invalid_kind" time="0.077" /><testcase classname="backend.tests.test_workspace" name="test_ai_draft_deal_rejected" time="0.063" /><testcase classname="backend.tests.test_workspace" name="test_create_note_missing_target" time="0.069" /><testcase classname="backend.tests.test_workspace" name="test_create_note_missing_body" time="0.067" /><testcase classname="backend.tests.test_workspace" name="test_create_task_missing_title" time="0.074" /><testcase classname="backend.tests.test_workspace" name="test_create_call_missing_title" time="0.064" /><testcase classname="backend.tests.test_workspace" name="test_create_email_missing_subject" time="0.067" /><testcase classname="backend.tests.test_workspace" name="test_create_deal_missing_name" time="0.069" /><testcase classname="backend.tests.test_workspace" name="test_invalid_kind" time="0.063" /><testcase classname="backend.tests.test_workspace" name="test_invalid_provider" time="0.063" /><testcase classname="backend.tests.test_workspace" name="test_deal_draft_execute_graceful_fail_delete" time="0.526" /><testcase classname="backend.tests.test_workspace" name="test_execute_nonexistent" time="0.070" /><testcase classname="backend.tests.test_workspace" name="test_account_room_shape" time="0.264" /><testcase classname="backend.tests.test_workspace" name="test_account_room_404" time="0.065" /><testcase classname="backend.tests.test_workspace" name="test_account_fields_no_link_400" time="0.066" /><testcase classname="backend.tests.test_workspace" name="test_account_link_and_fields_422" time="0.960" /><testcase classname="backend.tests.test_workspace" name="test_account_link_404" time="0.072" /><testcase classname="backend.tests.test_workspace" name="test_account_action_scoping" time="1.048" /><testcase classname="backend.tests.test_workspace" name="test_note_draft_create_with_target" time="0.143" /></testsuite></testsuites>