<?xml version="1.0" encoding="utf-8"?><testsuites name="pytest tests"><testsuite name="pytest" errors="0" failures="0" skipped="0" tests="30" time="2.838" timestamp="2026-03-07T14:03:40.347679+00:00" hostname="agent-env-236caa7d-fbf0-4329-9a55-deea8d3a2630"><testcase classname="tests.test_connect_business.TestConnectBusinessEndpoints" name="test_get_platforms_requires_auth" time="0.252" /><testcase classname="tests.test_connect_business.TestConnectBusinessEndpoints" name="test_connect_requires_auth" time="0.138" /><testcase classname="tests.test_connect_business.TestConnectBusinessEndpoints" name="test_disconnect_requires_auth" time="0.109" /><testcase classname="tests.test_connect_business.TestConnectBusinessEndpoints" name="test_sync_requires_auth" time="0.113" /><testcase classname="tests.test_connect_business.TestConnectBusinessEndpoints" name="test_summary_requires_auth" time="0.098" /><testcase classname="tests.test_connect_business.TestConnectBusinessEndpoints" name="test_get_platforms_returns_5_platforms" time="0.375" /><testcase classname="tests.test_connect_business.TestConnectBusinessEndpoints" name="test_platforms_have_required_fields" time="0.056" /><testcase classname="tests.test_connect_business.TestConnectBusinessEndpoints" name="test_platform_data_types" time="0.046" /><testcase classname="tests.test_connect_business.TestConnectBusinessEndpoints" name="test_connect_invalid_platform_returns_404" time="0.058" /><testcase classname="tests.test_connect_business.TestConnectBusinessEndpoints" name="test_connect_stripe_successfully" time="0.050" /><testcase classname="tests.test_connect_business.TestConnectBusinessEndpoints" name="test_connect_duplicate_platform_returns_400" time="0.067" /><testcase classname="tests.test_connect_business.TestConnectBusinessEndpoints" name="test_connect_hubspot_successfully" time="0.054" /><testcase classname="tests.test_connect_business.TestConnectBusinessEndpoints" name="test_connect_shopify_successfully" time="0.067" /><testcase classname="tests.test_connect_business.TestConnectBusinessEndpoints" name="test_platforms_show_connected_status" time="0.047" /><testcase classname="tests.test_connect_business.TestConnectBusinessEndpoints" name="test_sync_not_connected_platform_returns_404" time="0.044" /><testcase classname="tests.test_connect_business.TestConnectBusinessEndpoints" name="test_sync_connected_platform" time="0.063" /><testcase classname="tests.test_connect_business.TestConnectBusinessEndpoints" name="test_summary_returns_accurate_data" time="0.047" /><testcase classname="tests.test_connect_business.TestConnectBusinessEndpoints" name="test_disconnect_not_connected_returns_404" time="0.047" /><testcase classname="tests.test_connect_business.TestConnectBusinessEndpoints" name="test_disconnect_hubspot_successfully" time="0.045" /><testcase classname="tests.test_connect_business.TestConnectBusinessEndpoints" name="test_platforms_show_disconnected_status" time="0.048" /><testcase classname="tests.test_connect_business.TestConnectBusinessEndpoints" name="test_summary_updated_after_disconnect" time="0.046" /><testcase classname="tests.test_connect_business.TestConnectBusinessEndpoints" name="test_synced_deals_in_analytics_revenue" time="0.048" /><testcase classname="tests.test_connect_business.TestConnectBusinessEndpoints" name="test_synced_deals_in_analytics_pipeline" time="0.050" /><testcase classname="tests.test_connect_business.TestConnectBusinessEndpoints" name="test_cleanup_disconnect_remaining" time="0.152" /><testcase classname="tests.test_connect_business.TestConnectAllPlatforms" name="test_connect_each_platform[stripe]" time="0.372" /><testcase classname="tests.test_connect_business.TestConnectAllPlatforms" name="test_connect_each_platform[shopify]" time="0.054" /><testcase classname="tests.test_connect_business.TestConnectAllPlatforms" name="test_connect_each_platform[hubspot]" time="0.055" /><testcase classname="tests.test_connect_business.TestConnectAllPlatforms" name="test_connect_each_platform[salesforce]" time="0.055" /><testcase classname="tests.test_connect_business.TestConnectAllPlatforms" name="test_connect_each_platform[quickbooks]" time="0.055" /><testcase classname="tests.test_connect_business.TestConnectAllPlatforms" name="test_all_5_platforms_connected" time="0.049" /></testsuite></testsuites>