<?xml version="1.0" encoding="utf-8"?><testsuites name="pytest tests"><testsuite name="pytest" errors="0" failures="0" skipped="0" tests="18" time="37.203" timestamp="2026-07-23T11:31:13.959024+00:00" hostname="agent-env-fb94a947-43a2-40fc-bf4a-e46d9b822a0b"><testcase classname="tests.test_upsell_engine.TestStatus" name="test_status_ok" time="0.479" /><testcase classname="tests.test_upsell_engine.TestStatus" name="test_status_unauthenticated_denied" time="0.105" /><testcase classname="tests.test_upsell_engine.TestPlansCRUD" name="test_plan_lifecycle" time="0.214" /><testcase classname="tests.test_upsell_engine.TestPlansCRUD" name="test_delete_missing_plan_404" time="0.049" /><testcase classname="tests.test_upsell_engine.TestPlansCRUD" name="test_plan_name_required" time="0.051" /><testcase classname="tests.test_upsell_engine.TestScan" name="test_scan_returns_summary" time="0.052" /><testcase classname="tests.test_upsell_engine.TestScan" name="test_candidates_list" time="0.046" /><testcase classname="tests.test_upsell_engine.TestActionDrafts" name="test_upgrade_email_draft" time="9.320" /><testcase classname="tests.test_upsell_engine.TestActionDrafts" name="test_discount_offer_draft" time="7.597" /><testcase classname="tests.test_upsell_engine.TestEmailSendGracefulFailure" name="test_send_email_graceful" time="0.250" /><testcase classname="tests.test_upsell_engine.TestEmailSendGracefulFailure" name="test_notify_sales_graceful" time="0.227" /><testcase classname="tests.test_upsell_engine.TestEmailSendGracefulFailure" name="test_send_email_bad_recipient_400" time="0.046" /><testcase classname="tests.test_upsell_engine.TestCandidatePatch" name="test_dismiss_and_revive" time="0.149" /><testcase classname="tests.test_upsell_engine.TestCandidatePatch" name="test_invalid_status_400" time="0.048" /><testcase classname="tests.test_upsell_engine.TestCandidatePatch" name="test_patch_missing_candidate_404" time="0.046" /><testcase classname="tests.test_upsell_engine.TestCampaigns" name="test_campaign_lifecycle" time="8.369" /><testcase classname="tests.test_upsell_engine.TestCampaigns" name="test_campaign_name_required" time="0.046" /><testcase classname="tests.test_upsell_engine.TestCampaigns" name="test_invalid_campaign_status_400" time="10.024" /></testsuite></testsuites>