<?xml version="1.0" encoding="utf-8"?><testsuites name="pytest tests"><testsuite name="pytest" errors="0" failures="0" skipped="0" tests="12" time="4.463" timestamp="2026-03-04T15:25:12.119726+00:00" hostname="agent-env-89f07ebb-45ff-43b3-93ab-90ef26015a07"><testcase classname="backend.tests.test_dashboard_features.TestMicrosoftAuth" name="test_microsoft_auth_returns_501" time="0.262" /><testcase classname="backend.tests.test_dashboard_features.TestAuthMe" name="test_auth_me_returns_user_data" time="0.438" /><testcase classname="backend.tests.test_dashboard_features.TestAuthMe" name="test_auth_me_returns_goals_when_onboarded" time="0.409" /><testcase classname="backend.tests.test_dashboard_features.TestAuthMe" name="test_auth_me_excludes_password_hash" time="0.410" /><testcase classname="backend.tests.test_dashboard_features.TestOnboarding" name="test_onboarding_status" time="0.414" /><testcase classname="backend.tests.test_dashboard_features.TestExistingAPIs" name="test_health_endpoint" time="0.132" /><testcase classname="backend.tests.test_dashboard_features.TestExistingAPIs" name="test_deals_crud" time="0.462" /><testcase classname="backend.tests.test_dashboard_features.TestExistingAPIs" name="test_analytics_revenue" time="0.437" /><testcase classname="backend.tests.test_dashboard_features.TestExistingAPIs" name="test_analytics_churn" time="0.406" /><testcase classname="backend.tests.test_dashboard_features.TestExistingAPIs" name="test_analytics_cro" time="0.446" /><testcase classname="backend.tests.test_dashboard_features.TestExistingAPIs" name="test_integrations" time="0.401" /><testcase classname="backend.tests.test_dashboard_features.TestExistingAPIs" name="test_subscription_plans" time="0.115" /></testsuite></testsuites>