<?xml version="1.0" encoding="utf-8"?><testsuites name="pytest tests"><testsuite name="pytest" errors="0" failures="0" skipped="0" tests="20" time="2.993" timestamp="2026-03-21T17:20:02.813937+00:00" hostname="agent-env-0f73b957-3de2-4d60-81a2-4bda6f75844b"><testcase classname="backend.tests.test_csv_custom_api_integration.TestCsvImportEndpoint" name="test_csv_import_success" time="0.451" /><testcase classname="backend.tests.test_csv_custom_api_integration.TestCsvImportEndpoint" name="test_csv_import_with_stripe_patterns" time="0.052" /><testcase classname="backend.tests.test_csv_custom_api_integration.TestCsvImportEndpoint" name="test_csv_import_empty_data" time="0.062" /><testcase classname="backend.tests.test_csv_custom_api_integration.TestCsvImportEndpoint" name="test_csv_import_exceeds_limit" time="0.142" /><testcase classname="backend.tests.test_csv_custom_api_integration.TestCsvImportEndpoint" name="test_csv_import_with_stage_mapping" time="0.050" /><testcase classname="backend.tests.test_csv_custom_api_integration.TestCustomApiTestEndpoint" name="test_custom_api_test_success" time="0.184" /><testcase classname="backend.tests.test_csv_custom_api_integration.TestCustomApiTestEndpoint" name="test_custom_api_test_with_posts" time="0.170" /><testcase classname="backend.tests.test_csv_custom_api_integration.TestCustomApiTestEndpoint" name="test_custom_api_test_invalid_endpoint" time="0.107" /><testcase classname="backend.tests.test_csv_custom_api_integration.TestCustomApiTestEndpoint" name="test_custom_api_test_with_bearer_auth" time="0.123" /><testcase classname="backend.tests.test_csv_custom_api_integration.TestCustomApiConnectEndpoint" name="test_custom_api_connect_success" time="0.144" /><testcase classname="backend.tests.test_csv_custom_api_integration.TestCustomApiConnectEndpoint" name="test_custom_api_connect_with_data_path" time="0.125" /><testcase classname="backend.tests.test_csv_custom_api_integration.TestCustomApiConnectEndpoint" name="test_custom_api_connect_invalid_endpoint" time="0.102" /><testcase classname="backend.tests.test_csv_custom_api_integration.TestCustomSourcesEndpoint" name="test_get_custom_sources" time="0.070" /><testcase classname="backend.tests.test_csv_custom_api_integration.TestCustomSourceSyncEndpoint" name="test_sync_custom_api_source" time="0.172" /><testcase classname="backend.tests.test_csv_custom_api_integration.TestCustomSourceSyncEndpoint" name="test_sync_csv_source_not_allowed" time="0.149" /><testcase classname="backend.tests.test_csv_custom_api_integration.TestCustomSourceSyncEndpoint" name="test_sync_nonexistent_source" time="0.097" /><testcase classname="backend.tests.test_csv_custom_api_integration.TestCustomSourceDisconnectEndpoint" name="test_disconnect_custom_source" time="0.172" /><testcase classname="backend.tests.test_csv_custom_api_integration.TestCustomSourceDisconnectEndpoint" name="test_disconnect_nonexistent_source" time="0.065" /><testcase classname="backend.tests.test_csv_custom_api_integration.TestDetectPlatformsEndpoint" name="test_get_detected_platforms" time="0.060" /><testcase classname="backend.tests.test_csv_custom_api_integration.TestCleanup" name="test_cleanup_test_sources" time="0.357" /></testsuite></testsuites>