<?xml version="1.0" encoding="utf-8"?><testsuites name="pytest tests"><testsuite name="pytest" errors="0" failures="0" skipped="0" tests="14" time="2.549" timestamp="2026-03-19T21:45:38.719665+00:00" hostname="agent-env-791d3913-ea29-4f21-a27b-636055623d4c"><testcase classname="backend.tests.test_stripe_live_integration.TestStripeIntegrationAPIKeyValidation" name="test_stripe_connect_without_api_key_returns_400" time="0.578" /><testcase classname="backend.tests.test_stripe_live_integration.TestStripeIntegrationAPIKeyValidation" name="test_stripe_connect_with_empty_api_key_returns_400" time="0.077" /><testcase classname="backend.tests.test_stripe_live_integration.TestStripeIntegrationAPIKeyValidation" name="test_stripe_connect_with_invalid_key_returns_400" time="0.266" /><testcase classname="backend.tests.test_stripe_live_integration.TestStripeIntegrationAPIKeyValidation" name="test_stripe_connect_with_non_sk_prefix_format" time="0.193" /><testcase classname="backend.tests.test_stripe_live_integration.TestMockedPlatformConnections" name="test_hubspot_connect_no_api_key_required" time="0.063" /><testcase classname="backend.tests.test_stripe_live_integration.TestMockedPlatformConnections" name="test_shopify_connect_no_api_key_required" time="0.074" /><testcase classname="backend.tests.test_stripe_live_integration.TestMockedPlatformConnections" name="test_salesforce_connect_no_api_key_required" time="0.062" /><testcase classname="backend.tests.test_stripe_live_integration.TestMockedPlatformConnections" name="test_quickbooks_connect_no_api_key_required" time="0.065" /><testcase classname="backend.tests.test_stripe_live_integration.TestPlatformsMetadataForStripe" name="test_platforms_returns_stripe_requires_key" time="0.418" /><testcase classname="backend.tests.test_stripe_live_integration.TestPlatformsMetadataForStripe" name="test_platforms_returns_other_platforms_no_key_required" time="0.061" /><testcase classname="backend.tests.test_stripe_live_integration.TestSyncAndDisconnectFlows" name="test_sync_mock_platform_works" time="0.058" /><testcase classname="backend.tests.test_stripe_live_integration.TestSyncAndDisconnectFlows" name="test_disconnect_mock_platform_works" time="0.053" /><testcase classname="backend.tests.test_stripe_live_integration.TestBusinessSummary" name="test_summary_with_mock_connections" time="0.165" /><testcase classname="backend.tests.test_stripe_live_integration.TestCleanup" name="test_cleanup_disconnect_all_platforms" time="0.337" /></testsuite></testsuites>