<?xml version="1.0" encoding="utf-8"?><testsuites name="pytest tests"><testsuite name="pytest" errors="0" failures="0" skipped="0" tests="17" time="171.818" timestamp="2026-07-21T14:06:44.588254+00:00" hostname="agent-env-fb94a947-43a2-40fc-bf4a-e46d9b822a0b"><testcase classname="backend.tests.test_retention_plays.TestAuthRequired" name="test_get_plays_requires_auth" time="0.343" /><testcase classname="backend.tests.test_retention_plays.TestAuthRequired" name="test_post_plays_requires_auth" time="0.120" /><testcase classname="backend.tests.test_retention_plays.TestValidation" name="test_invalid_action_type" time="0.431" /><testcase classname="backend.tests.test_retention_plays.TestValidation" name="test_missing_deal" time="0.053" /><testcase classname="backend.tests.test_retention_plays.TestValidation" name="test_empty_deal" time="0.052" /><testcase classname="backend.tests.test_retention_plays.TestCreatePlaysAllActions" name="test_create_play[outreach]" time="10.638" /><testcase classname="backend.tests.test_retention_plays.TestCreatePlaysAllActions" name="test_create_play[offer]" time="18.216" /><testcase classname="backend.tests.test_retention_plays.TestCreatePlaysAllActions" name="test_create_play[support]" time="14.864" /><testcase classname="backend.tests.test_retention_plays.TestCreatePlaysAllActions" name="test_create_play[workflow]" time="44.736" /><testcase classname="backend.tests.test_retention_plays.TestListAndSummary" name="test_list_shape" time="0.106" /><testcase classname="backend.tests.test_retention_plays.TestPatchStatus" name="test_saved_moves_revenue_to_protected" time="17.507" /><testcase classname="backend.tests.test_retention_plays.TestPatchStatus" name="test_lost_updates_status" time="16.807" /><testcase classname="backend.tests.test_retention_plays.TestPatchStatus" name="test_invalid_status" time="15.645" /><testcase classname="backend.tests.test_retention_plays.TestPatchStatus" name="test_unknown_play_id_returns_404" time="0.068" /><testcase classname="backend.tests.test_retention_plays.TestDelete" name="test_delete_removes_play" time="17.047" /><testcase classname="backend.tests.test_retention_plays.TestDelete" name="test_delete_unknown_returns_404" time="0.053" /><testcase classname="backend.tests.test_retention_plays.TestOrgScoping" name="test_plays_not_leaked_across_orgs" time="15.075" /></testsuite></testsuites>