<?xml version="1.0" encoding="utf-8"?><testsuites name="pytest tests"><testsuite name="pytest" errors="0" failures="0" skipped="0" tests="12" time="22.644" timestamp="2026-07-21T17:04:16.605849+00:00" hostname="agent-env-fb94a947-43a2-40fc-bf4a-e46d9b822a0b"><testcase classname="tests.test_retention_workspace.TestGetRetentionDeal" name="test_requires_auth" time="1.576" /><testcase classname="tests.test_retention_workspace.TestGetRetentionDeal" name="test_returns_deal_context" time="0.115" /><testcase classname="tests.test_retention_workspace.TestGetRetentionDeal" name="test_unknown_deal_returns_404" time="0.125" /><testcase classname="tests.test_retention_workspace.TestGetRetentionDeal" name="test_cross_org_returns_404" time="0.776" /><testcase classname="tests.test_retention_workspace.TestGetRetentionDeal" name="test_plays_reflected_after_create" time="18.969" /><testcase classname="tests.test_retention_workspace.TestSendEmail" name="test_requires_auth" time="0.226" /><testcase classname="tests.test_retention_workspace.TestSendEmail" name="test_missing_recipient" time="0.118" /><testcase classname="tests.test_retention_workspace.TestSendEmail" name="test_empty_recipient" time="0.131" /><testcase classname="tests.test_retention_workspace.TestSendEmail" name="test_invalid_email_no_at_sign" time="0.079" /><testcase classname="tests.test_retention_workspace.TestSendEmail" name="test_missing_subject" time="0.071" /><testcase classname="tests.test_retention_workspace.TestSendEmail" name="test_missing_body" time="0.076" /><testcase classname="tests.test_retention_workspace.TestSendEmail" name="test_well_formed_reachable" time="0.330" /></testsuite></testsuites>