<?xml version="1.0" encoding="utf-8"?><testsuites name="pytest tests"><testsuite name="pytest" errors="0" failures="0" skipped="1" tests="10" time="23.611" timestamp="2026-07-03T10:03:02.301089+00:00" hostname="agent-env-8ec2dcef-70a7-4ab8-b582-a783b32e9743"><testcase classname="tests.test_telemetry_leaks.TestStatus" name="test_status_owner_enterprise" time="0.541" /><testcase classname="tests.test_telemetry_leaks.TestStatus" name="test_status_unauthenticated_denied" time="0.113" /><testcase classname="tests.test_telemetry_leaks.TestContractCRUD" name="test_contract_lifecycle" time="0.271" /><testcase classname="tests.test_telemetry_leaks.TestContractCRUD" name="test_update_nonexistent" time="0.045" /><testcase classname="tests.test_telemetry_leaks.TestScan" name="test_scan_detects_acme_leak" time="0.097" /><testcase classname="tests.test_telemetry_leaks.TestSync" name="test_sync_without_source_returns_400" time="0.085" /><testcase classname="tests.test_telemetry_leaks.TestRecoveryLoop" name="test_draft_returns_all_three_previews" time="11.267" /><testcase classname="tests.test_telemetry_leaks.TestRecoveryLoop" name="test_approve_executes_all_three" time="9.760" /><testcase classname="tests.test_telemetry_leaks.TestRecoveryLoop" name="test_dismiss_sets_status" time="0.931" /><testcase classname="tests.test_telemetry_leaks.TestTierGating" name="test_non_enterprise_gets_403" time="0.423"><skipped type="pytest.skip" message="testdemo is enterprise — cannot test gating">/app/backend/tests/test_telemetry_leaks.py:268: testdemo is enterprise — cannot test gating</skipped></testcase></testsuite></testsuites>